# JRE version: Java(TM) SE Runtime Environment (8.0_111-b14) (build 1.8.0_111-b14)
# Java VM: Java HotSpot(TM) 64-Bit Server VM (25.111-b14 mixed mode windows-amd64 compressed oops)
Heap:
 PSYoungGen      total 50176K, used 41949K [0x00000000eb200000, 0x00000000f2c80000, 0x0000000100000000)
  eden space 47616K, 88% used [0x00000000eb200000,0x00000000edaf74b0,0x00000000ee080000)
  from space 2560K, 0% used [0x00000000ef200000,0x00000000ef200000,0x00000000ef480000)
  to   space 38912K, 0% used [0x00000000f0680000,0x00000000f0680000,0x00000000f2c80000)
 ParOldGen       total 138240K, used 48762K [0x00000000c1600000, 0x00000000c9d00000, 0x00000000eb200000)
  object space 138240K, 35% used [0x00000000c1600000,0x00000000c459e878,0x00000000c9d00000)
 Metaspace       used 10966K, capacity 11132K, committed 11392K, reserved 1058816K
  class space    used 1256K, capacity 1318K, committed 1408K, reserved 1048576K
GC Heap History (10 events):
Event: 3.295 GC heap before
{Heap before GC invocations=3 (full 0):
 PSYoungGen      total 35328K, used 35311K [0x00000000eb200000, 0x00000000ed700000, 0x0000000100000000)
  eden space 32768K, 100% used [0x00000000eb200000,0x00000000ed200000,0x00000000ed200000)
  from space 2560K, 99% used [0x00000000ed480000,0x00000000ed6fbce8,0x00000000ed700000)
  to   space 2560K, 0% used [0x00000000ed200000,0x00000000ed200000,0x00000000ed480000)
 ParOldGen       total 44032K, used 9437K [0x00000000c1600000, 0x00000000c4100000, 0x00000000eb200000)
  object space 44032K, 21% used [0x00000000c1600000,0x00000000c1f37770,0x00000000c4100000)
 Metaspace       used 10959K, capacity 11132K, committed 11392K, reserved 1058816K
  class space    used 1256K, capacity 1318K, committed 1408K, reserved 1048576K
Event: 3.354 GC heap after
Heap after GC invocations=3 (full 0):
 PSYoungGen      total 35328K, used 2551K [0x00000000eb200000, 0x00000000ef700000, 0x0000000100000000)
  eden space 32768K, 0% used [0x00000000eb200000,0x00000000eb200000,0x00000000ed200000)
  from space 2560K, 99% used [0x00000000ed200000,0x00000000ed47dcb8,0x00000000ed480000)
  to   space 2560K, 0% used [0x00000000ef480000,0x00000000ef480000,0x00000000ef700000)
 ParOldGen       total 44032K, used 36821K [0x00000000c1600000, 0x00000000c4100000, 0x00000000eb200000)
  object space 44032K, 83% used [0x00000000c1600000,0x00000000c39f5770,0x00000000c4100000)
 Metaspace       used 10959K, capacity 11132K, committed 11392K, reserved 1058816K
  class space    used 1256K, capacity 1318K, committed 1408K, reserved 1048576K
}
Event: 3.354 GC heap before
{Heap before GC invocations=4 (full 1):
 PSYoungGen      total 35328K, used 2551K [0x00000000eb200000, 0x00000000ef700000, 0x0000000100000000)
  eden space 32768K, 0% used [0x00000000eb200000,0x00000000eb200000,0x00000000ed200000)
  from space 2560K, 99% used [0x00000000ed200000,0x00000000ed47dcb8,0x00000000ed480000)
  to   space 2560K, 0% used [0x00000000ef480000,0x00000000ef480000,0x00000000ef700000)
 ParOldGen       total 44032K, used 36821K [0x00000000c1600000, 0x00000000c4100000, 0x00000000eb200000)
  object space 44032K, 83% used [0x00000000c1600000,0x00000000c39f5770,0x00000000c4100000)
 Metaspace       used 10959K, capacity 11132K, committed 11392K, reserved 1058816K
  class space    used 1256K, capacity 1318K, committed 1408K, reserved 1048576K
Event: 4.370 GC heap after
Heap after GC invocations=4 (full 1):
 PSYoungGen      total 35328K, used 0K [0x00000000eb200000, 0x00000000ef700000, 0x0000000100000000)
  eden space 32768K, 0% used [0x00000000eb200000,0x00000000eb200000,0x00000000ed200000)
  from space 2560K, 0% used [0x00000000ed200000,0x00000000ed200000,0x00000000ed480000)
  to   space 2560K, 0% used [0x00000000ef480000,0x00000000ef480000,0x00000000ef700000)
 ParOldGen       total 100352K, used 38945K [0x00000000c1600000, 0x00000000c7800000, 0x00000000eb200000)
  object space 100352K, 38% used [0x00000000c1600000,0x00000000c3c087a8,0x00000000c7800000)
 Metaspace       used 10959K, capacity 11132K, committed 11392K, reserved 1058816K
  class space    used 1256K, capacity 1318K, committed 1408K, reserved 1048576K
}
Event: 5.124 GC heap before
{Heap before GC invocations=5 (full 1):
 PSYoungGen      total 35328K, used 32768K [0x00000000eb200000, 0x00000000ef700000, 0x0000000100000000)
  eden space 32768K, 100% used [0x00000000eb200000,0x00000000ed200000,0x00000000ed200000)
  from space 2560K, 0% used [0x00000000ed200000,0x00000000ed200000,0x00000000ed480000)
  to   space 2560K, 0% used [0x00000000ef480000,0x00000000ef480000,0x00000000ef700000)
 ParOldGen       total 100352K, used 38945K [0x00000000c1600000, 0x00000000c7800000, 0x00000000eb200000)
  object space 100352K, 38% used [0x00000000c1600000,0x00000000c3c087a8,0x00000000c7800000)
 Metaspace       used 10960K, capacity 11132K, committed 11392K, reserved 1058816K
  class space    used 1256K, capacity 1318K, committed 1408K, reserved 1048576K
Event: 5.187 GC heap after
Heap after GC invocations=5 (full 1):
 PSYoungGen      total 41472K, used 2560K [0x00000000eb200000, 0x00000000ef700000, 0x0000000100000000)
  eden space 38912K, 0% used [0x00000000eb200000,0x00000000eb200000,0x00000000ed800000)
  from space 2560K, 100% used [0x00000000ef480000,0x00000000ef700000,0x00000000ef700000)
  to   space 2560K, 0% used [0x00000000ef200000,0x00000000ef200000,0x00000000ef480000)
 ParOldGen       total 100352K, used 59569K [0x00000000c1600000, 0x00000000c7800000, 0x00000000eb200000)
  object space 100352K, 59% used [0x00000000c1600000,0x00000000c502c7a8,0x00000000c7800000)
 Metaspace       used 10960K, capacity 11132K, committed 11392K, reserved 1058816K
  class space    used 1256K, capacity 1318K, committed 1408K, reserved 1048576K
}
Event: 6.123 GC heap before
{Heap before GC invocations=6 (full 1):
 PSYoungGen      total 41472K, used 41472K [0x00000000eb200000, 0x00000000ef700000, 0x0000000100000000)
  eden space 38912K, 100% used [0x00000000eb200000,0x00000000ed800000,0x00000000ed800000)
  from space 2560K, 100% used [0x00000000ef480000,0x00000000ef700000,0x00000000ef700000)
  to   space 2560K, 0% used [0x00000000ef200000,0x00000000ef200000,0x00000000ef480000)
 ParOldGen       total 100352K, used 59569K [0x00000000c1600000, 0x00000000c7800000, 0x00000000eb200000)
  object space 100352K, 59% used [0x00000000c1600000,0x00000000c502c7a8,0x00000000c7800000)
 Metaspace       used 10962K, capacity 11132K, committed 11392K, reserved 1058816K
  class space    used 1256K, capacity 1318K, committed 1408K, reserved 1048576K
Event: 6.217 GC heap after
Heap after GC invocations=6 (full 1):
 PSYoungGen      total 50176K, used 2560K [0x00000000eb200000, 0x00000000f2c80000, 0x0000000100000000)
  eden space 47616K, 0% used [0x00000000eb200000,0x00000000eb200000,0x00000000ee080000)
  from space 2560K, 100% used [0x00000000ef200000,0x00000000ef480000,0x00000000ef480000)
  to   space 38912K, 0% used [0x00000000f0680000,0x00000000f0680000,0x00000000f2c80000)
 ParOldGen       total 100352K, used 83257K [0x00000000c1600000, 0x00000000c7800000, 0x00000000eb200000)
  object space 100352K, 82% used [0x00000000c1600000,0x00000000c674e7a8,0x00000000c7800000)
 Metaspace       used 10962K, capacity 11132K, committed 11392K, reserved 1058816K
  class space    used 1256K, capacity 1318K, committed 1408K, reserved 1048576K
}
Event: 6.217 GC heap before
{Heap before GC invocations=7 (full 2):
 PSYoungGen      total 50176K, used 2560K [0x00000000eb200000, 0x00000000f2c80000, 0x0000000100000000)
  eden space 47616K, 0% used [0x00000000eb200000,0x00000000eb200000,0x00000000ee080000)
  from space 2560K, 100% used [0x00000000ef200000,0x00000000ef480000,0x00000000ef480000)
  to   space 38912K, 0% used [0x00000000f0680000,0x00000000f0680000,0x00000000f2c80000)
 ParOldGen       total 100352K, used 83257K [0x00000000c1600000, 0x00000000c7800000, 0x00000000eb200000)
  object space 100352K, 82% used [0x00000000c1600000,0x00000000c674e7a8,0x00000000c7800000)
 Metaspace       used 10962K, capacity 11132K, committed 11392K, reserved 1058816K
  class space    used 1256K, capacity 1318K, committed 1408K, reserved 1048576K
Event: 6.779 GC heap after
Heap after GC invocations=7 (full 2):
 PSYoungGen      total 50176K, used 0K [0x00000000eb200000, 0x00000000f2c80000, 0x0000000100000000)
  eden space 47616K, 0% used [0x00000000eb200000,0x00000000eb200000,0x00000000ee080000)
  from space 2560K, 0% used [0x00000000ef200000,0x00000000ef200000,0x00000000ef480000)
  to   space 38912K, 0% used [0x00000000f0680000,0x00000000f0680000,0x00000000f2c80000)
 ParOldGen       total 138240K, used 48762K [0x00000000c1600000, 0x00000000c9d00000, 0x00000000eb200000)
  object space 138240K, 35% used [0x00000000c1600000,0x00000000c459e878,0x00000000c9d00000)
 Metaspace       used 10962K, capacity 11132K, committed 11392K, reserved 1058816K
  class space    used 1256K, capacity 1318K, committed 1408K, reserved 1048576K
}

